DEB [20170613-18:02:18.161] thr=1   paramiko.transport: starting thread (client mode): 0x4221518L
INF [20170613-18:02:18.372] thr=1   paramiko.transport: Connected (version 2.0, client OpenSSH_6.6.1)
DEB [20170613-18:02:18.621] thr=1   paramiko.transport: kex algos:[u'curve25519-sha256@libssh.org', u'ecdh-sha2-nistp256', u'ecdh-sha2-nistp384', u'ecdh-sha2-nistp521', u'diffie-hellman-group-exchange-sha256', u'diffie-hellman-group-exchange-sha1', u'diffie-hellman-group14-sha1', u'diffie-hellman-group1-sha1'] server key:[u'ssh-rsa', u'ecdsa-sha2-nistp256', u'ssh-ed25519'] client encrypt:[u'aes128-ctr', u'aes192-ctr', u'aes256-ctr', u'arcfour256', u'arcfour128', u'aes128-gcm@openssh.com', u'aes256-gcm@openssh.com', u'chacha20-poly1305@openssh.com', u'aes128-cbc', u'3des-cbc', u'blowfish-cbc', u'cast128-cbc', u'aes192-cbc', u'aes256-cbc', u'arcfour', u'rijndael-cbc@lysator.liu.se'] server encrypt:[u'aes128-ctr', u'aes192-ctr', u'aes256-ctr', u'arcfour256', u'arcfour128', u'aes128-gcm@openssh.com', u'aes256-gcm@openssh.com', u'chacha20-poly1305@openssh.com', u'aes128-cbc', u'3des-cbc', u'blowfish-cbc', u'cast128-cbc', u'aes192-cbc', u'aes256-cbc', u'arcfour', u'rijndael-cbc@lysator.liu.se'] client mac:[u'hmac-md5-etm@openssh.com', u'hmac-sha1-etm@openssh.com', u'umac-64-etm@openssh.com', u'umac-128-etm@openssh.com', u'hmac-sha2-256-etm@openssh.com', u'hmac-sha2-512-etm@openssh.com', u'hmac-ripemd160-etm@openssh.com', u'hmac-sha1-96-etm@openssh.com', u'hmac-md5-96-etm@openssh.com', u'hmac-md5', u'hmac-sha1', u'umac-64@openssh.com', u'umac-128@openssh.com', u'hmac-sha2-256', u'hmac-sha2-512', u'hmac-ripemd160', u'hmac-ripemd160@openssh.com', u'hmac-sha1-96', u'hmac-md5-96'] server mac:[u'hmac-md5-etm@openssh.com', u'hmac-sha1-etm@openssh.com', u'umac-64-etm@openssh.com', u'umac-128-etm@openssh.com', u'hmac-sha2-256-etm@openssh.com', u'hmac-sha2-512-etm@openssh.com', u'hmac-ripemd160-etm@openssh.com', u'hmac-sha1-96-etm@openssh.com', u'hmac-md5-96-etm@openssh.com', u'hmac-md5', u'hmac-sha1', u'umac-64@openssh.com', u'umac-128@openssh.com', u'hmac-sha2-256', u'hmac-sha2-512', u'hmac-ripemd160', u'hmac-ripemd160@openssh.com', u'hmac-sha1-96', u'hmac-md5-96'] client compress:[u'none', u'zlib@openssh.com'] server compress:[u'none', u'zlib@openssh.com'] client lang:[u''] server lang:[u''] kex follows?False
DEB [20170613-18:02:18.622] thr=1   paramiko.transport: Ciphers agreed: local=aes128-ctr, remote=aes128-ctr
DEB [20170613-18:02:18.622] thr=1   paramiko.transport: using kex diffie-hellman-group1-sha1; server key type ssh-rsa; cipher: local aes128-ctr, remote aes128-ctr; mac: local hmac-sha1, remote hmac-sha1; compression: local none, remote none
DEB [20170613-18:02:18.881] thr=1   paramiko.transport: Switch to new keys ...
DEB [20170613-18:02:18.881] thr=2   paramiko.transport: Adding ssh-rsa host key for 54.169.209.44 : 0b9917e2e1576f4419a6fe40b00d69e2
DEB [20170613-18:02:18.882] thr=2   paramiko.transport: Trying SSH key 403742e7d39703cb920c7bea1fed4f96
DEB [20170613-18:02:19.355] thr=1   paramiko.transport: userauth is OK
INF [20170613-18:02:20.312] thr=1   paramiko.transport: Authentication (publickey) successful!
DEB [20170613-18:02:20.316] thr=2   paramiko.transport: [chan 1] Max packet in: 34816 bytes
DEB [20170613-18:02:20.545] thr=1   paramiko.transport: [chan 1] Max packet out: 32768 bytes
INF [20170613-18:02:20.545] thr=1   paramiko.transport: Secsh channel 1 opened.
DEB [20170613-18:02:20.786] thr=1   paramiko.transport: [chan 1] Sesch channel 1 request ok
DEB [20170613-18:02:20.813] thr=1   paramiko.transport: [chan 1] EOF received (1)
DEB [20170613-18:02:38.378] thr=3   paramiko.transport: starting thread (client mode): 0x4229898L
INF [20170613-18:02:38.599] thr=3   paramiko.transport: Connected (version 2.0, client OpenSSH_6.6.1)
DEB [20170613-18:02:38.835] thr=3   paramiko.transport: kex algos:[u'curve25519-sha256@libssh.org', u'ecdh-sha2-nistp256', u'ecdh-sha2-nistp384', u'ecdh-sha2-nistp521', u'diffie-hellman-group-exchange-sha256', u'diffie-hellman-group-exchange-sha1', u'diffie-hellman-group14-sha1', u'diffie-hellman-group1-sha1'] server key:[u'ssh-rsa', u'ecdsa-sha2-nistp256', u'ssh-ed25519'] client encrypt:[u'aes128-ctr', u'aes192-ctr', u'aes256-ctr', u'arcfour256', u'arcfour128', u'aes128-gcm@openssh.com', u'aes256-gcm@openssh.com', u'chacha20-poly1305@openssh.com', u'aes128-cbc', u'3des-cbc', u'blowfish-cbc', u'cast128-cbc', u'aes192-cbc', u'aes256-cbc', u'arcfour', u'rijndael-cbc@lysator.liu.se'] server encrypt:[u'aes128-ctr', u'aes192-ctr', u'aes256-ctr', u'arcfour256', u'arcfour128', u'aes128-gcm@openssh.com', u'aes256-gcm@openssh.com', u'chacha20-poly1305@openssh.com', u'aes128-cbc', u'3des-cbc', u'blowfish-cbc', u'cast128-cbc', u'aes192-cbc', u'aes256-cbc', u'arcfour', u'rijndael-cbc@lysator.liu.se'] client mac:[u'hmac-md5-etm@openssh.com', u'hmac-sha1-etm@openssh.com', u'umac-64-etm@openssh.com', u'umac-128-etm@openssh.com', u'hmac-sha2-256-etm@openssh.com', u'hmac-sha2-512-etm@openssh.com', u'hmac-ripemd160-etm@openssh.com', u'hmac-sha1-96-etm@openssh.com', u'hmac-md5-96-etm@openssh.com', u'hmac-md5', u'hmac-sha1', u'umac-64@openssh.com', u'umac-128@openssh.com', u'hmac-sha2-256', u'hmac-sha2-512', u'hmac-ripemd160', u'hmac-ripemd160@openssh.com', u'hmac-sha1-96', u'hmac-md5-96'] server mac:[u'hmac-md5-etm@openssh.com', u'hmac-sha1-etm@openssh.com', u'umac-64-etm@openssh.com', u'umac-128-etm@openssh.com', u'hmac-sha2-256-etm@openssh.com', u'hmac-sha2-512-etm@openssh.com', u'hmac-ripemd160-etm@openssh.com', u'hmac-sha1-96-etm@openssh.com', u'hmac-md5-96-etm@openssh.com', u'hmac-md5', u'hmac-sha1', u'umac-64@openssh.com', u'umac-128@openssh.com', u'hmac-sha2-256', u'hmac-sha2-512', u'hmac-ripemd160', u'hmac-ripemd160@openssh.com', u'hmac-sha1-96', u'hmac-md5-96'] client compress:[u'none', u'zlib@openssh.com'] server compress:[u'none', u'zlib@openssh.com'] client lang:[u''] server lang:[u''] kex follows?False
DEB [20170613-18:02:38.836] thr=3   paramiko.transport: Ciphers agreed: local=aes128-ctr, remote=aes128-ctr
DEB [20170613-18:02:38.836] thr=3   paramiko.transport: using kex diffie-hellman-group1-sha1; server key type ssh-rsa; cipher: local aes128-ctr, remote aes128-ctr; mac: local hmac-sha1, remote hmac-sha1; compression: local none, remote none
DEB [20170613-18:02:39.085] thr=3   paramiko.transport: Switch to new keys ...
DEB [20170613-18:02:39.085] thr=2   paramiko.transport: Adding ssh-rsa host key for 54.169.209.44 : 0b9917e2e1576f4419a6fe40b00d69e2
DEB [20170613-18:02:39.086] thr=2   paramiko.transport: Trying SSH key 403742e7d39703cb920c7bea1fed4f96
DEB [20170613-18:02:39.595] thr=3   paramiko.transport: userauth is OK
INF [20170613-18:02:39.961] thr=3   paramiko.transport: Authentication (publickey) successful!
DEB [20170613-18:02:39.994] thr=2   paramiko.transport: [chan 1] Max packet in: 34816 bytes
DEB [20170613-18:02:40.223] thr=3   paramiko.transport: [chan 1] Max packet out: 32768 bytes
INF [20170613-18:02:40.223] thr=3   paramiko.transport: Secsh channel 1 opened.
DEB [20170613-18:02:40.460] thr=3   paramiko.transport: [chan 1] Sesch channel 1 request ok
DEB [20170613-18:02:40.483] thr=3   paramiko.transport: [chan 1] EOF received (1)
DEB [20170613-18:02:47.545] thr=4   paramiko.transport: starting thread (client mode): 0x4221fd0L
INF [20170613-18:02:47.793] thr=4   paramiko.transport: Connected (version 2.0, client OpenSSH_6.6.1)
DEB [20170613-18:02:48.038] thr=4   paramiko.transport: kex algos:[u'curve25519-sha256@libssh.org', u'ecdh-sha2-nistp256', u'ecdh-sha2-nistp384', u'ecdh-sha2-nistp521', u'diffie-hellman-group-exchange-sha256', u'diffie-hellman-group-exchange-sha1', u'diffie-hellman-group14-sha1', u'diffie-hellman-group1-sha1'] server key:[u'ssh-rsa', u'ecdsa-sha2-nistp256', u'ssh-ed25519'] client encrypt:[u'aes128-ctr', u'aes192-ctr', u'aes256-ctr', u'arcfour256', u'arcfour128', u'aes128-gcm@openssh.com', u'aes256-gcm@openssh.com', u'chacha20-poly1305@openssh.com', u'aes128-cbc', u'3des-cbc', u'blowfish-cbc', u'cast128-cbc', u'aes192-cbc', u'aes256-cbc', u'arcfour', u'rijndael-cbc@lysator.liu.se'] server encrypt:[u'aes128-ctr', u'aes192-ctr', u'aes256-ctr', u'arcfour256', u'arcfour128', u'aes128-gcm@openssh.com', u'aes256-gcm@openssh.com', u'chacha20-poly1305@openssh.com', u'aes128-cbc', u'3des-cbc', u'blowfish-cbc', u'cast128-cbc', u'aes192-cbc', u'aes256-cbc', u'arcfour', u'rijndael-cbc@lysator.liu.se'] client mac:[u'hmac-md5-etm@openssh.com', u'hmac-sha1-etm@openssh.com', u'umac-64-etm@openssh.com', u'umac-128-etm@openssh.com', u'hmac-sha2-256-etm@openssh.com', u'hmac-sha2-512-etm@openssh.com', u'hmac-ripemd160-etm@openssh.com', u'hmac-sha1-96-etm@openssh.com', u'hmac-md5-96-etm@openssh.com', u'hmac-md5', u'hmac-sha1', u'umac-64@openssh.com', u'umac-128@openssh.com', u'hmac-sha2-256', u'hmac-sha2-512', u'hmac-ripemd160', u'hmac-ripemd160@openssh.com', u'hmac-sha1-96', u'hmac-md5-96'] server mac:[u'hmac-md5-etm@openssh.com', u'hmac-sha1-etm@openssh.com', u'umac-64-etm@openssh.com', u'umac-128-etm@openssh.com', u'hmac-sha2-256-etm@openssh.com', u'hmac-sha2-512-etm@openssh.com', u'hmac-ripemd160-etm@openssh.com', u'hmac-sha1-96-etm@openssh.com', u'hmac-md5-96-etm@openssh.com', u'hmac-md5', u'hmac-sha1', u'umac-64@openssh.com', u'umac-128@openssh.com', u'hmac-sha2-256', u'hmac-sha2-512', u'hmac-ripemd160', u'hmac-ripemd160@openssh.com', u'hmac-sha1-96', u'hmac-md5-96'] client compress:[u'none', u'zlib@openssh.com'] server compress:[u'none', u'zlib@openssh.com'] client lang:[u''] server lang:[u''] kex follows?False
DEB [20170613-18:02:48.039] thr=4   paramiko.transport: Ciphers agreed: local=aes128-ctr, remote=aes128-ctr
DEB [20170613-18:02:48.039] thr=4   paramiko.transport: using kex diffie-hellman-group1-sha1; server key type ssh-rsa; cipher: local aes128-ctr, remote aes128-ctr; mac: local hmac-sha1, remote hmac-sha1; compression: local none, remote none
DEB [20170613-18:02:48.312] thr=4   paramiko.transport: Switch to new keys ...
DEB [20170613-18:02:48.341] thr=5   paramiko.transport: Adding ssh-rsa host key for 54.169.209.44 : 0b9917e2e1576f4419a6fe40b00d69e2
DEB [20170613-18:02:48.342] thr=5   paramiko.transport: Trying SSH key 403742e7d39703cb920c7bea1fed4f96
DEB [20170613-18:02:48.845] thr=4   paramiko.transport: userauth is OK
INF [20170613-18:02:49.213] thr=4   paramiko.transport: Authentication (publickey) successful!
DEB [20170613-18:02:49.246] thr=5   paramiko.transport: [chan 1] Max packet in: 34816 bytes
DEB [20170613-18:02:49.463] thr=4   paramiko.transport: [chan 1] Max packet out: 32768 bytes
INF [20170613-18:02:49.463] thr=4   paramiko.transport: Secsh channel 1 opened.
DEB [20170613-18:02:49.711] thr=4   paramiko.transport: [chan 1] Sesch channel 1 request ok
DEB [20170613-18:02:49.733] thr=4   paramiko.transport: [chan 1] EOF received (1)
DEB [20170613-18:02:54.319] thr=6   paramiko.transport: starting thread (client mode): 0x4205438L
INF [20170613-18:02:54.510] thr=6   paramiko.transport: Connected (version 2.0, client OpenSSH_6.6.1)
DEB [20170613-18:02:54.730] thr=6   paramiko.transport: kex algos:[u'curve25519-sha256@libssh.org', u'ecdh-sha2-nistp256', u'ecdh-sha2-nistp384', u'ecdh-sha2-nistp521', u'diffie-hellman-group-exchange-sha256', u'diffie-hellman-group-exchange-sha1', u'diffie-hellman-group14-sha1', u'diffie-hellman-group1-sha1'] server key:[u'ssh-rsa', u'ecdsa-sha2-nistp256', u'ssh-ed25519'] client encrypt:[u'aes128-ctr', u'aes192-ctr', u'aes256-ctr', u'arcfour256', u'arcfour128', u'aes128-gcm@openssh.com', u'aes256-gcm@openssh.com', u'chacha20-poly1305@openssh.com', u'aes128-cbc', u'3des-cbc', u'blowfish-cbc', u'cast128-cbc', u'aes192-cbc', u'aes256-cbc', u'arcfour', u'rijndael-cbc@lysator.liu.se'] server encrypt:[u'aes128-ctr', u'aes192-ctr', u'aes256-ctr', u'arcfour256', u'arcfour128', u'aes128-gcm@openssh.com', u'aes256-gcm@openssh.com', u'chacha20-poly1305@openssh.com', u'aes128-cbc', u'3des-cbc', u'blowfish-cbc', u'cast128-cbc', u'aes192-cbc', u'aes256-cbc', u'arcfour', u'rijndael-cbc@lysator.liu.se'] client mac:[u'hmac-md5-etm@openssh.com', u'hmac-sha1-etm@openssh.com', u'umac-64-etm@openssh.com', u'umac-128-etm@openssh.com', u'hmac-sha2-256-etm@openssh.com', u'hmac-sha2-512-etm@openssh.com', u'hmac-ripemd160-etm@openssh.com', u'hmac-sha1-96-etm@openssh.com', u'hmac-md5-96-etm@openssh.com', u'hmac-md5', u'hmac-sha1', u'umac-64@openssh.com', u'umac-128@openssh.com', u'hmac-sha2-256', u'hmac-sha2-512', u'hmac-ripemd160', u'hmac-ripemd160@openssh.com', u'hmac-sha1-96', u'hmac-md5-96'] server mac:[u'hmac-md5-etm@openssh.com', u'hmac-sha1-etm@openssh.com', u'umac-64-etm@openssh.com', u'umac-128-etm@openssh.com', u'hmac-sha2-256-etm@openssh.com', u'hmac-sha2-512-etm@openssh.com', u'hmac-ripemd160-etm@openssh.com', u'hmac-sha1-96-etm@openssh.com', u'hmac-md5-96-etm@openssh.com', u'hmac-md5', u'hmac-sha1', u'umac-64@openssh.com', u'umac-128@openssh.com', u'hmac-sha2-256', u'hmac-sha2-512', u'hmac-ripemd160', u'hmac-ripemd160@openssh.com', u'hmac-sha1-96', u'hmac-md5-96'] client compress:[u'none', u'zlib@openssh.com'] server compress:[u'none', u'zlib@openssh.com'] client lang:[u''] server lang:[u''] kex follows?False
DEB [20170613-18:02:54.730] thr=6   paramiko.transport: Ciphers agreed: local=aes128-ctr, remote=aes128-ctr
DEB [20170613-18:02:54.730] thr=6   paramiko.transport: using kex diffie-hellman-group1-sha1; server key type ssh-rsa; cipher: local aes128-ctr, remote aes128-ctr; mac: local hmac-sha1, remote hmac-sha1; compression: local none, remote none
DEB [20170613-18:02:54.960] thr=6   paramiko.transport: Switch to new keys ...
DEB [20170613-18:02:54.973] thr=5   paramiko.transport: Adding ssh-rsa host key for 54.169.209.44 : 0b9917e2e1576f4419a6fe40b00d69e2
DEB [20170613-18:02:54.974] thr=5   paramiko.transport: Trying SSH key 403742e7d39703cb920c7bea1fed4f96
DEB [20170613-18:02:55.391] thr=6   paramiko.transport: userauth is OK
INF [20170613-18:02:55.726] thr=6   paramiko.transport: Authentication (publickey) successful!
DEB [20170613-18:02:55.746] thr=5   paramiko.transport: [chan 1] Max packet in: 34816 bytes
DEB [20170613-18:02:55.950] thr=6   paramiko.transport: [chan 1] Max packet out: 32768 bytes
INF [20170613-18:02:55.951] thr=6   paramiko.transport: Secsh channel 1 opened.
DEB [20170613-18:02:56.174] thr=6   paramiko.transport: [chan 1] Sesch channel 1 request ok
DEB [20170613-18:02:56.197] thr=6   paramiko.transport: [chan 1] EOF received (1)
DEB [20170613-18:02:56.197] thr=6   paramiko.transport: [chan 1] EOF sent (1)
DEB [20170613-18:02:56.299] thr=6   paramiko.transport: EOF in transport thread
DEB [20170613-18:02:59.960] thr=7   paramiko.transport: starting thread (client mode): 0x3d859b0L
INF [20170613-18:03:00.193] thr=7   paramiko.transport: Connected (version 2.0, client OpenSSH_6.6.1)
DEB [20170613-18:03:00.469] thr=7   paramiko.transport: kex algos:[u'curve25519-sha256@libssh.org', u'ecdh-sha2-nistp256', u'ecdh-sha2-nistp384', u'ecdh-sha2-nistp521', u'diffie-hellman-group-exchange-sha256', u'diffie-hellman-group-exchange-sha1', u'diffie-hellman-group14-sha1', u'diffie-hellman-group1-sha1'] server key:[u'ssh-rsa', u'ecdsa-sha2-nistp256', u'ssh-ed25519'] client encrypt:[u'aes128-ctr', u'aes192-ctr', u'aes256-ctr', u'arcfour256', u'arcfour128', u'aes128-gcm@openssh.com', u'aes256-gcm@openssh.com', u'chacha20-poly1305@openssh.com', u'aes128-cbc', u'3des-cbc', u'blowfish-cbc', u'cast128-cbc', u'aes192-cbc', u'aes256-cbc', u'arcfour', u'rijndael-cbc@lysator.liu.se'] server encrypt:[u'aes128-ctr', u'aes192-ctr', u'aes256-ctr', u'arcfour256', u'arcfour128', u'aes128-gcm@openssh.com', u'aes256-gcm@openssh.com', u'chacha20-poly1305@openssh.com', u'aes128-cbc', u'3des-cbc', u'blowfish-cbc', u'cast128-cbc', u'aes192-cbc', u'aes256-cbc', u'arcfour', u'rijndael-cbc@lysator.liu.se'] client mac:[u'hmac-md5-etm@openssh.com', u'hmac-sha1-etm@openssh.com', u'umac-64-etm@openssh.com', u'umac-128-etm@openssh.com', u'hmac-sha2-256-etm@openssh.com', u'hmac-sha2-512-etm@openssh.com', u'hmac-ripemd160-etm@openssh.com', u'hmac-sha1-96-etm@openssh.com', u'hmac-md5-96-etm@openssh.com', u'hmac-md5', u'hmac-sha1', u'umac-64@openssh.com', u'umac-128@openssh.com', u'hmac-sha2-256', u'hmac-sha2-512', u'hmac-ripemd160', u'hmac-ripemd160@openssh.com', u'hmac-sha1-96', u'hmac-md5-96'] server mac:[u'hmac-md5-etm@openssh.com', u'hmac-sha1-etm@openssh.com', u'umac-64-etm@openssh.com', u'umac-128-etm@openssh.com', u'hmac-sha2-256-etm@openssh.com', u'hmac-sha2-512-etm@openssh.com', u'hmac-ripemd160-etm@openssh.com', u'hmac-sha1-96-etm@openssh.com', u'hmac-md5-96-etm@openssh.com', u'hmac-md5', u'hmac-sha1', u'umac-64@openssh.com', u'umac-128@openssh.com', u'hmac-sha2-256', u'hmac-sha2-512', u'hmac-ripemd160', u'hmac-ripemd160@openssh.com', u'hmac-sha1-96', u'hmac-md5-96'] client compress:[u'none', u'zlib@openssh.com'] server compress:[u'none', u'zlib@openssh.com'] client lang:[u''] server lang:[u''] kex follows?False
DEB [20170613-18:03:00.470] thr=7   paramiko.transport: Ciphers agreed: local=aes128-ctr, remote=aes128-ctr
DEB [20170613-18:03:00.470] thr=7   paramiko.transport: using kex diffie-hellman-group1-sha1; server key type ssh-rsa; cipher: local aes128-ctr, remote aes128-ctr; mac: local hmac-sha1, remote hmac-sha1; compression: local none, remote none
DEB [20170613-18:03:00.766] thr=7   paramiko.transport: Switch to new keys ...
DEB [20170613-18:03:00.766] thr=8   paramiko.transport: Adding ssh-rsa host key for 54.169.209.44 : 0b9917e2e1576f4419a6fe40b00d69e2
DEB [20170613-18:03:00.769] thr=8   paramiko.transport: Trying SSH key 403742e7d39703cb920c7bea1fed4f96
DEB [20170613-18:03:01.309] thr=7   paramiko.transport: userauth is OK
INF [20170613-18:03:01.701] thr=7   paramiko.transport: Authentication (publickey) successful!
DEB [20170613-18:03:01.714] thr=8   paramiko.transport: [chan 1] Max packet in: 34816 bytes
DEB [20170613-18:03:01.970] thr=7   paramiko.transport: [chan 1] Max packet out: 32768 bytes
INF [20170613-18:03:01.970] thr=7   paramiko.transport: Secsh channel 1 opened.
DEB [20170613-18:03:02.237] thr=7   paramiko.transport: [chan 1] Sesch channel 1 request ok
DEB [20170613-18:03:02.259] thr=7   paramiko.transport: [chan 1] EOF received (1)
DEB [20170613-18:03:07.437] thr=9   paramiko.transport: starting thread (client mode): 0x4221780L
INF [20170613-18:03:07.673] thr=9   paramiko.transport: Connected (version 2.0, client OpenSSH_6.6.1)
DEB [20170613-18:03:07.943] thr=9   paramiko.transport: kex algos:[u'curve25519-sha256@libssh.org', u'ecdh-sha2-nistp256', u'ecdh-sha2-nistp384', u'ecdh-sha2-nistp521', u'diffie-hellman-group-exchange-sha256', u'diffie-hellman-group-exchange-sha1', u'diffie-hellman-group14-sha1', u'diffie-hellman-group1-sha1'] server key:[u'ssh-rsa', u'ecdsa-sha2-nistp256', u'ssh-ed25519'] client encrypt:[u'aes128-ctr', u'aes192-ctr', u'aes256-ctr', u'arcfour256', u'arcfour128', u'aes128-gcm@openssh.com', u'aes256-gcm@openssh.com', u'chacha20-poly1305@openssh.com', u'aes128-cbc', u'3des-cbc', u'blowfish-cbc', u'cast128-cbc', u'aes192-cbc', u'aes256-cbc', u'arcfour', u'rijndael-cbc@lysator.liu.se'] server encrypt:[u'aes128-ctr', u'aes192-ctr', u'aes256-ctr', u'arcfour256', u'arcfour128', u'aes128-gcm@openssh.com', u'aes256-gcm@openssh.com', u'chacha20-poly1305@openssh.com', u'aes128-cbc', u'3des-cbc', u'blowfish-cbc', u'cast128-cbc', u'aes192-cbc', u'aes256-cbc', u'arcfour', u'rijndael-cbc@lysator.liu.se'] client mac:[u'hmac-md5-etm@openssh.com', u'hmac-sha1-etm@openssh.com', u'umac-64-etm@openssh.com', u'umac-128-etm@openssh.com', u'hmac-sha2-256-etm@openssh.com', u'hmac-sha2-512-etm@openssh.com', u'hmac-ripemd160-etm@openssh.com', u'hmac-sha1-96-etm@openssh.com', u'hmac-md5-96-etm@openssh.com', u'hmac-md5', u'hmac-sha1', u'umac-64@openssh.com', u'umac-128@openssh.com', u'hmac-sha2-256', u'hmac-sha2-512', u'hmac-ripemd160', u'hmac-ripemd160@openssh.com', u'hmac-sha1-96', u'hmac-md5-96'] server mac:[u'hmac-md5-etm@openssh.com', u'hmac-sha1-etm@openssh.com', u'umac-64-etm@openssh.com', u'umac-128-etm@openssh.com', u'hmac-sha2-256-etm@openssh.com', u'hmac-sha2-512-etm@openssh.com', u'hmac-ripemd160-etm@openssh.com', u'hmac-sha1-96-etm@openssh.com', u'hmac-md5-96-etm@openssh.com', u'hmac-md5', u'hmac-sha1', u'umac-64@openssh.com', u'umac-128@openssh.com', u'hmac-sha2-256', u'hmac-sha2-512', u'hmac-ripemd160', u'hmac-ripemd160@openssh.com', u'hmac-sha1-96', u'hmac-md5-96'] client compress:[u'none', u'zlib@openssh.com'] server compress:[u'none', u'zlib@openssh.com'] client lang:[u''] server lang:[u''] kex follows?False
DEB [20170613-18:03:07.944] thr=9   paramiko.transport: Ciphers agreed: local=aes128-ctr, remote=aes128-ctr
DEB [20170613-18:03:07.944] thr=9   paramiko.transport: using kex diffie-hellman-group1-sha1; server key type ssh-rsa; cipher: local aes128-ctr, remote aes128-ctr; mac: local hmac-sha1, remote hmac-sha1; compression: local none, remote none
DEB [20170613-18:03:08.230] thr=9   paramiko.transport: Switch to new keys ...
DEB [20170613-18:03:08.233] thr=10  paramiko.transport: Adding ssh-rsa host key for 54.169.209.44 : 0b9917e2e1576f4419a6fe40b00d69e2
DEB [20170613-18:03:08.233] thr=10  paramiko.transport: Trying SSH key 403742e7d39703cb920c7bea1fed4f96
DEB [20170613-18:03:08.775] thr=9   paramiko.transport: userauth is OK
INF [20170613-18:03:09.180] thr=9   paramiko.transport: Authentication (publickey) successful!
DEB [20170613-18:03:09.196] thr=10  paramiko.transport: [chan 1] Max packet in: 34816 bytes
DEB [20170613-18:03:09.453] thr=9   paramiko.transport: [chan 1] Max packet out: 32768 bytes
INF [20170613-18:03:09.453] thr=9   paramiko.transport: Secsh channel 1 opened.
DEB [20170613-18:03:09.721] thr=9   paramiko.transport: [chan 1] Sesch channel 1 request ok
DEB [20170613-18:03:09.746] thr=9   paramiko.transport: [chan 1] EOF received (1)
DEB [20170613-18:03:09.747] thr=9   paramiko.transport: [chan 1] EOF sent (1)
DEB [20170613-18:03:09.749] thr=9   paramiko.transport: EOF in transport thread
DEB [20170613-18:03:19.881] thr=11  paramiko.transport: starting thread (client mode): 0x4189048L
INF [20170613-18:03:20.115] thr=11  paramiko.transport: Connected (version 2.0, client OpenSSH_6.6.1)
DEB [20170613-18:03:20.368] thr=11  paramiko.transport: kex algos:[u'curve25519-sha256@libssh.org', u'ecdh-sha2-nistp256', u'ecdh-sha2-nistp384', u'ecdh-sha2-nistp521', u'diffie-hellman-group-exchange-sha256', u'diffie-hellman-group-exchange-sha1', u'diffie-hellman-group14-sha1', u'diffie-hellman-group1-sha1'] server key:[u'ssh-rsa', u'ecdsa-sha2-nistp256', u'ssh-ed25519'] client encrypt:[u'aes128-ctr', u'aes192-ctr', u'aes256-ctr', u'arcfour256', u'arcfour128', u'aes128-gcm@openssh.com', u'aes256-gcm@openssh.com', u'chacha20-poly1305@openssh.com', u'aes128-cbc', u'3des-cbc', u'blowfish-cbc', u'cast128-cbc', u'aes192-cbc', u'aes256-cbc', u'arcfour', u'rijndael-cbc@lysator.liu.se'] server encrypt:[u'aes128-ctr', u'aes192-ctr', u'aes256-ctr', u'arcfour256', u'arcfour128', u'aes128-gcm@openssh.com', u'aes256-gcm@openssh.com', u'chacha20-poly1305@openssh.com', u'aes128-cbc', u'3des-cbc', u'blowfish-cbc', u'cast128-cbc', u'aes192-cbc', u'aes256-cbc', u'arcfour', u'rijndael-cbc@lysator.liu.se'] client mac:[u'hmac-md5-etm@openssh.com', u'hmac-sha1-etm@openssh.com', u'umac-64-etm@openssh.com', u'umac-128-etm@openssh.com', u'hmac-sha2-256-etm@openssh.com', u'hmac-sha2-512-etm@openssh.com', u'hmac-ripemd160-etm@openssh.com', u'hmac-sha1-96-etm@openssh.com', u'hmac-md5-96-etm@openssh.com', u'hmac-md5', u'hmac-sha1', u'umac-64@openssh.com', u'umac-128@openssh.com', u'hmac-sha2-256', u'hmac-sha2-512', u'hmac-ripemd160', u'hmac-ripemd160@openssh.com', u'hmac-sha1-96', u'hmac-md5-96'] server mac:[u'hmac-md5-etm@openssh.com', u'hmac-sha1-etm@openssh.com', u'umac-64-etm@openssh.com', u'umac-128-etm@openssh.com', u'hmac-sha2-256-etm@openssh.com', u'hmac-sha2-512-etm@openssh.com', u'hmac-ripemd160-etm@openssh.com', u'hmac-sha1-96-etm@openssh.com', u'hmac-md5-96-etm@openssh.com', u'hmac-md5', u'hmac-sha1', u'umac-64@openssh.com', u'umac-128@openssh.com', u'hmac-sha2-256', u'hmac-sha2-512', u'hmac-ripemd160', u'hmac-ripemd160@openssh.com', u'hmac-sha1-96', u'hmac-md5-96'] client compress:[u'none', u'zlib@openssh.com'] server compress:[u'none', u'zlib@openssh.com'] client lang:[u''] server lang:[u''] kex follows?False
DEB [20170613-18:03:20.368] thr=11  paramiko.transport: Ciphers agreed: local=aes128-ctr, remote=aes128-ctr
DEB [20170613-18:03:20.369] thr=11  paramiko.transport: using kex diffie-hellman-group1-sha1; server key type ssh-rsa; cipher: local aes128-ctr, remote aes128-ctr; mac: local hmac-sha1, remote hmac-sha1; compression: local none, remote none
DEB [20170613-18:03:20.648] thr=11  paramiko.transport: Switch to new keys ...
DEB [20170613-18:03:20.653] thr=12  paramiko.transport: Adding ssh-rsa host key for 54.169.209.44 : 0b9917e2e1576f4419a6fe40b00d69e2
DEB [20170613-18:03:20.654] thr=12  paramiko.transport: Trying SSH key 403742e7d39703cb920c7bea1fed4f96
DEB [20170613-18:03:21.180] thr=11  paramiko.transport: userauth is OK
INF [20170613-18:03:21.815] thr=11  paramiko.transport: Authentication (publickey) successful!
DEB [20170613-18:03:21.825] thr=12  paramiko.transport: [chan 1] Max packet in: 34816 bytes
DEB [20170613-18:03:22.072] thr=11  paramiko.transport: [chan 1] Max packet out: 32768 bytes
INF [20170613-18:03:22.072] thr=11  paramiko.transport: Secsh channel 1 opened.
DEB [20170613-18:03:22.346] thr=11  paramiko.transport: [chan 1] Sesch channel 1 request ok
DEB [20170613-18:03:22.368] thr=11  paramiko.transport: [chan 1] EOF received (1)
DEB [20170613-18:03:27.111] thr=13  paramiko.transport: starting thread (client mode): 0x4229978L
INF [20170613-18:03:27.326] thr=13  paramiko.transport: Connected (version 2.0, client OpenSSH_6.6.1)
DEB [20170613-18:03:27.581] thr=13  paramiko.transport: kex algos:[u'curve25519-sha256@libssh.org', u'ecdh-sha2-nistp256', u'ecdh-sha2-nistp384', u'ecdh-sha2-nistp521', u'diffie-hellman-group-exchange-sha256', u'diffie-hellman-group-exchange-sha1', u'diffie-hellman-group14-sha1', u'diffie-hellman-group1-sha1'] server key:[u'ssh-rsa', u'ecdsa-sha2-nistp256', u'ssh-ed25519'] client encrypt:[u'aes128-ctr', u'aes192-ctr', u'aes256-ctr', u'arcfour256', u'arcfour128', u'aes128-gcm@openssh.com', u'aes256-gcm@openssh.com', u'chacha20-poly1305@openssh.com', u'aes128-cbc', u'3des-cbc', u'blowfish-cbc', u'cast128-cbc', u'aes192-cbc', u'aes256-cbc', u'arcfour', u'rijndael-cbc@lysator.liu.se'] server encrypt:[u'aes128-ctr', u'aes192-ctr', u'aes256-ctr', u'arcfour256', u'arcfour128', u'aes128-gcm@openssh.com', u'aes256-gcm@openssh.com', u'chacha20-poly1305@openssh.com', u'aes128-cbc', u'3des-cbc', u'blowfish-cbc', u'cast128-cbc', u'aes192-cbc', u'aes256-cbc', u'arcfour', u'rijndael-cbc@lysator.liu.se'] client mac:[u'hmac-md5-etm@openssh.com', u'hmac-sha1-etm@openssh.com', u'umac-64-etm@openssh.com', u'umac-128-etm@openssh.com', u'hmac-sha2-256-etm@openssh.com', u'hmac-sha2-512-etm@openssh.com', u'hmac-ripemd160-etm@openssh.com', u'hmac-sha1-96-etm@openssh.com', u'hmac-md5-96-etm@openssh.com', u'hmac-md5', u'hmac-sha1', u'umac-64@openssh.com', u'umac-128@openssh.com', u'hmac-sha2-256', u'hmac-sha2-512', u'hmac-ripemd160', u'hmac-ripemd160@openssh.com', u'hmac-sha1-96', u'hmac-md5-96'] server mac:[u'hmac-md5-etm@openssh.com', u'hmac-sha1-etm@openssh.com', u'umac-64-etm@openssh.com', u'umac-128-etm@openssh.com', u'hmac-sha2-256-etm@openssh.com', u'hmac-sha2-512-etm@openssh.com', u'hmac-ripemd160-etm@openssh.com', u'hmac-sha1-96-etm@openssh.com', u'hmac-md5-96-etm@openssh.com', u'hmac-md5', u'hmac-sha1', u'umac-64@openssh.com', u'umac-128@openssh.com', u'hmac-sha2-256', u'hmac-sha2-512', u'hmac-ripemd160', u'hmac-ripemd160@openssh.com', u'hmac-sha1-96', u'hmac-md5-96'] client compress:[u'none', u'zlib@openssh.com'] server compress:[u'none', u'zlib@openssh.com'] client lang:[u''] server lang:[u''] kex follows?False
DEB [20170613-18:03:27.582] thr=13  paramiko.transport: Ciphers agreed: local=aes128-ctr, remote=aes128-ctr
DEB [20170613-18:03:27.582] thr=13  paramiko.transport: using kex diffie-hellman-group1-sha1; server key type ssh-rsa; cipher: local aes128-ctr, remote aes128-ctr; mac: local hmac-sha1, remote hmac-sha1; compression: local none, remote none
DEB [20170613-18:03:27.867] thr=13  paramiko.transport: Switch to new keys ...
DEB [20170613-18:03:27.869] thr=5   paramiko.transport: Adding ssh-rsa host key for 54.169.209.44 : 0b9917e2e1576f4419a6fe40b00d69e2
DEB [20170613-18:03:27.871] thr=5   paramiko.transport: Trying SSH key 403742e7d39703cb920c7bea1fed4f96
DEB [20170613-18:03:28.401] thr=13  paramiko.transport: userauth is OK
INF [20170613-18:03:28.775] thr=13  paramiko.transport: Authentication (publickey) successful!
DEB [20170613-18:03:28.792] thr=5   paramiko.transport: [chan 1] Max packet in: 34816 bytes
DEB [20170613-18:03:29.040] thr=13  paramiko.transport: [chan 1] Max packet out: 32768 bytes
INF [20170613-18:03:29.042] thr=13  paramiko.transport: Secsh channel 1 opened.
DEB [20170613-18:03:29.313] thr=13  paramiko.transport: [chan 1] Sesch channel 1 request ok
DEB [20170613-18:03:29.335] thr=13  paramiko.transport: [chan 1] EOF received (1)
DEB [20170613-18:03:29.335] thr=13  paramiko.transport: [chan 1] EOF sent (1)
DEB [20170613-18:03:29.437] thr=13  paramiko.transport: EOF in transport thread
DEB [20170613-18:03:33.637] thr=14  paramiko.transport: starting thread (client mode): 0x400b8d0L
INF [20170613-18:03:33.891] thr=14  paramiko.transport: Connected (version 2.0, client OpenSSH_6.6.1)
DEB [20170613-18:03:34.138] thr=14  paramiko.transport: kex algos:[u'curve25519-sha256@libssh.org', u'ecdh-sha2-nistp256', u'ecdh-sha2-nistp384', u'ecdh-sha2-nistp521', u'diffie-hellman-group-exchange-sha256', u'diffie-hellman-group-exchange-sha1', u'diffie-hellman-group14-sha1', u'diffie-hellman-group1-sha1'] server key:[u'ssh-rsa', u'ecdsa-sha2-nistp256', u'ssh-ed25519'] client encrypt:[u'aes128-ctr', u'aes192-ctr', u'aes256-ctr', u'arcfour256', u'arcfour128', u'aes128-gcm@openssh.com', u'aes256-gcm@openssh.com', u'chacha20-poly1305@openssh.com', u'aes128-cbc', u'3des-cbc', u'blowfish-cbc', u'cast128-cbc', u'aes192-cbc', u'aes256-cbc', u'arcfour', u'rijndael-cbc@lysator.liu.se'] server encrypt:[u'aes128-ctr', u'aes192-ctr', u'aes256-ctr', u'arcfour256', u'arcfour128', u'aes128-gcm@openssh.com', u'aes256-gcm@openssh.com', u'chacha20-poly1305@openssh.com', u'aes128-cbc', u'3des-cbc', u'blowfish-cbc', u'cast128-cbc', u'aes192-cbc', u'aes256-cbc', u'arcfour', u'rijndael-cbc@lysator.liu.se'] client mac:[u'hmac-md5-etm@openssh.com', u'hmac-sha1-etm@openssh.com', u'umac-64-etm@openssh.com', u'umac-128-etm@openssh.com', u'hmac-sha2-256-etm@openssh.com', u'hmac-sha2-512-etm@openssh.com', u'hmac-ripemd160-etm@openssh.com', u'hmac-sha1-96-etm@openssh.com', u'hmac-md5-96-etm@openssh.com', u'hmac-md5', u'hmac-sha1', u'umac-64@openssh.com', u'umac-128@openssh.com', u'hmac-sha2-256', u'hmac-sha2-512', u'hmac-ripemd160', u'hmac-ripemd160@openssh.com', u'hmac-sha1-96', u'hmac-md5-96'] server mac:[u'hmac-md5-etm@openssh.com', u'hmac-sha1-etm@openssh.com', u'umac-64-etm@openssh.com', u'umac-128-etm@openssh.com', u'hmac-sha2-256-etm@openssh.com', u'hmac-sha2-512-etm@openssh.com', u'hmac-ripemd160-etm@openssh.com', u'hmac-sha1-96-etm@openssh.com', u'hmac-md5-96-etm@openssh.com', u'hmac-md5', u'hmac-sha1', u'umac-64@openssh.com', u'umac-128@openssh.com', u'hmac-sha2-256', u'hmac-sha2-512', u'hmac-ripemd160', u'hmac-ripemd160@openssh.com', u'hmac-sha1-96', u'hmac-md5-96'] client compress:[u'none', u'zlib@openssh.com'] server compress:[u'none', u'zlib@openssh.com'] client lang:[u''] server lang:[u''] kex follows?False
DEB [20170613-18:03:34.138] thr=14  paramiko.transport: Ciphers agreed: local=aes128-ctr, remote=aes128-ctr
DEB [20170613-18:03:34.138] thr=14  paramiko.transport: using kex diffie-hellman-group1-sha1; server key type ssh-rsa; cipher: local aes128-ctr, remote aes128-ctr; mac: local hmac-sha1, remote hmac-sha1; compression: local none, remote none
DEB [20170613-18:03:34.437] thr=14  paramiko.transport: Switch to new keys ...
DEB [20170613-18:03:34.438] thr=15  paramiko.transport: Adding ssh-rsa host key for 54.169.209.44 : 0b9917e2e1576f4419a6fe40b00d69e2
DEB [20170613-18:03:34.438] thr=15  paramiko.transport: Trying SSH key 403742e7d39703cb920c7bea1fed4f96
DEB [20170613-18:03:34.963] thr=14  paramiko.transport: userauth is OK
INF [20170613-18:03:35.329] thr=14  paramiko.transport: Authentication (publickey) successful!
DEB [20170613-18:03:35.355] thr=15  paramiko.transport: [chan 1] Max packet in: 34816 bytes
DEB [20170613-18:03:35.599] thr=14  paramiko.transport: [chan 1] Max packet out: 32768 bytes
INF [20170613-18:03:35.599] thr=14  paramiko.transport: Secsh channel 1 opened.
DEB [20170613-18:03:35.871] thr=14  paramiko.transport: [chan 1] Sesch channel 1 request ok
DEB [20170613-18:03:35.894] thr=14  paramiko.transport: [chan 1] EOF received (1)
